<?xml version="1.0" encoding="UTF-8"?>
<testng-results ignored="0" total="1" passed="1" failed="0" skipped="0">
  <reporter-output>
  </reporter-output>
  <suite started-at="2023-03-04T17:56:39 ART" name="Default suite" finished-at="2023-03-04T17:57:06 ART" duration-ms="26855">
    <groups>
    </groups>
    <test started-at="2023-03-04T17:56:39 ART" name="Default test" finished-at="2023-03-04T17:57:06 ART" duration-ms="26855">
      <class name="com.casino.tests.casinoTests">
        <test-method is-config="true" signature="setUp(java.lang.String)[pri:0, instance:com.casino.tests.casinoTests@1c504e66]" started-at="2023-03-04T17:56:39 ART" name="setUp" finished-at="2023-03-04T17:56:47 ART" duration-ms="8209" status="PASS">
          <params>
            <param index="0">
              <value>
                <![CDATA[qa]]>
              </value>
            </param>
          </params>
          <reporter-output>
          </reporter-output>
        </test-method> <!-- setUp -->
        <test-method signature="signUp()[pri:0, instance:com.casino.tests.casinoTests@1c504e66]" started-at="2023-03-04T17:56:47 ART" name="signUp" finished-at="2023-03-04T17:57:05 ART" duration-ms="18501" status="PASS">
          <reporter-output>
          </reporter-output>
        </test-method> <!-- signUp -->
        <test-method is-config="true" signature="tearDown()[pri:0, instance:com.casino.tests.casinoTests@1c504e66]" started-at="2023-03-04T17:57:05 ART" name="tearDown" finished-at="2023-03-04T17:57:06 ART" duration-ms="126" status="PASS">
          <reporter-output>
          </reporter-output>
        </test-method> <!-- tearDown -->
      </class> <!-- com.casino.tests.casinoTests -->
    </test> <!-- Default test -->
  </suite> <!-- Default suite -->
</testng-results>
